This is pdfTeX, Version 3.14159265-2.6-1.40.15 (TeX Live 2014) (preloaded format=pdflatex 2014.11.12)  23 MAR 2015 15:25
entering extended mode
 restricted \write18 enabled.
 file:line:error style messages enabled.
 %&-line parsing enabled.
**Design.tex
(./Design.tex
LaTeX2e <2014/05/01>
Babel <3.9k> and hyphenation patterns for 78 languages loaded.
(./chap3/application.tex

./chap3/application.tex:1: LaTeX Error: Missing \begin{document}.

See the LaTeX manual or LaTeX Companion for explanation.
Type  H <return>  for immediate help.
 ...                                              
                                                  
l.1 T
     he application designed and implemented in parallel with this report is...

? 
./chap3/application.tex:1: Emergency stop.
 ...                                              
                                                  
l.1 T
     he application designed and implemented in parallel with this report is...

You're in trouble here.  Try typing  <return>  to proceed.
If that doesn't work, type  X <return>  to quit.

 
Here is how much of TeX's memory you used:
 10 strings out of 493117
 317 string characters out of 6135432
 52909 words of memory out of 5000000
 3568 multiletter control sequences out of 15000+600000
 3640 words of font info for 14 fonts, out of 8000000 for 9000
 1141 hyphenation exceptions out of 8191
 7i,0n,4p,568b,14s stack positions out of 5000i,500n,10000p,200000b,80000s
./chap3/application.tex:1:  ==> Fatal error occurred, no output PDF file produc
ed!
