This is pdfTeX, Version 3.14159265-2.6-1.40.15 (TeX Live 2014) (preloaded format=pdflatex 2014.11.12)  22 MAY 2015 14:36
entering extended mode
 restricted \write18 enabled.
 file:line:error style messages enabled.
 %&-line parsing enabled.
**Dissertation_JohanHager_911229-0797.tex
(./Dissertation_JohanHager_911229-0797.tex
LaTeX2e <2014/05/01>
Babel <3.9k> and hyphenation patterns for 78 languages loaded.
(./kau_report.cls
Document Class: kau_report 1998/06/29 KAU Report class
(/usr/local/texlive/2014/texmf-dist/tex/latex/base/article.cls
Document Class: article 2007/10/19 v1.4h Standard LaTeX document class
(/usr/local/texlive/2014/texmf-dist/tex/latex/base/size12.clo
File: size12.clo 2007/10/19 v1.4h Standard LaTeX file (size option)
)
\c@part=\count79
\c@section=\count80
\c@subsection=\count81
\c@subsubsection=\count82
\c@paragraph=\count83
\c@subparagraph=\count84
\c@figure=\count85
\c@table=\count86
\abovecaptionskip=\skip41
\belowcaptionskip=\skip42
\bibindent=\dimen102
) (./setspace.sty
Package: setspace 1998/04/8 6.3 Contributed and Supported LaTeX2e package
Package: `setspace' 6.3 <1998/04/8>
) (/usr/local/texlive/2014/texmf-dist/tex/latex/graphics/graphicx.sty
Package: graphicx 2014/04/25 v1.0g Enhanced LaTeX Graphics (DPC,SPQR)

(/usr/local/texlive/2014/texmf-dist/tex/latex/graphics/keyval.sty
Package: keyval 2014/05/08 v1.15 key=value parser (DPC)
\KV@toks@=\toks14
)
(/usr/local/texlive/2014/texmf-dist/tex/latex/graphics/graphics.sty
Package: graphics 2009/02/05 v1.0o Standard LaTeX Graphics (DPC,SPQR)

(/usr/local/texlive/2014/texmf-dist/tex/latex/graphics/trig.sty
Package: trig 1999/03/16 v1.09 sin cos tan (DPC)
)
(/usr/local/texlive/2014/texmf-dist/tex/latex/latexconfig/graphics.cfg
File: graphics.cfg 2010/04/23 v1.9 graphics configuration of TeX Live
)
Package graphics Info: Driver file: pdftex.def on input line 91.

(/usr/local/texlive/2014/texmf-dist/tex/latex/pdftex-def/pdftex.def
File: pdftex.def 2011/05/27 v0.06d Graphics/color for pdfTeX

(/usr/local/texlive/2014/texmf-dist/tex/generic/oberdiek/infwarerr.sty
Package: infwarerr 2010/04/08 v1.3 Providing info/warning/error messages (HO)
)
(/usr/local/texlive/2014/texmf-dist/tex/generic/oberdiek/ltxcmds.sty
Package: ltxcmds 2011/11/09 v1.22 LaTeX kernel commands for general use (HO)
)
\Gread@gobject=\count87
))
\Gin@req@height=\dimen103
\Gin@req@width=\dimen104
)
\approval=\skip43
)
(/usr/local/texlive/2014/texmf-dist/tex/latex/float/float.sty
Package: float 2001/11/08 v1.3d Float enhancements (AL)
\c@float@type=\count88
\float@exts=\toks15
\float@box=\box26
\@float@everytoks=\toks16
\@floatcapt=\box27
)
(/usr/local/texlive/2014/texmf-dist/tex/latex/hyperref/hyperref.sty
Package: hyperref 2012/11/06 v6.83m Hypertext links for LaTeX

(/usr/local/texlive/2014/texmf-dist/tex/generic/oberdiek/hobsub-hyperref.sty
Package: hobsub-hyperref 2012/05/28 v1.13 Bundle oberdiek, subset hyperref (HO)


(/usr/local/texlive/2014/texmf-dist/tex/generic/oberdiek/hobsub-generic.sty
Package: hobsub-generic 2012/05/28 v1.13 Bundle oberdiek, subset generic (HO)
Package: hobsub 2012/05/28 v1.13 Construct package bundles (HO)
Package hobsub Info: Skipping package `infwarerr' (already loaded).
Package hobsub Info: Skipping package `ltxcmds' (already loaded).
Package: ifluatex 2010/03/01 v1.3 Provides the ifluatex switch (HO)
Package ifluatex Info: LuaTeX not detected.
Package: ifvtex 2010/03/01 v1.5 Detect VTeX and its facilities (HO)
Package ifvtex Info: VTeX not detected.
Package: intcalc 2007/09/27 v1.1 Expandable calculations with integers (HO)
Package: ifpdf 2011/01/30 v2.3 Provides the ifpdf switch (HO)
Package ifpdf Info: pdfTeX in PDF mode is detected.
Package: etexcmds 2011/02/16 v1.5 Avoid name clashes with e-TeX commands (HO)
Package etexcmds Info: Could not find \expanded.
(etexcmds)             That can mean that you are not using pdfTeX 1.50 or
(etexcmds)             that some package has redefined \expanded.
(etexcmds)             In the latter case, load this package earlier.
Package: kvsetkeys 2012/04/25 v1.16 Key value parser (HO)
Package: kvdefinekeys 2011/04/07 v1.3 Define keys (HO)
Package: pdftexcmds 2011/11/29 v0.20 Utility functions of pdfTeX for LuaTeX (HO
)
Package pdftexcmds Info: LuaTeX not detected.
Package pdftexcmds Info: \pdf@primitive is available.
Package pdftexcmds Info: \pdf@ifprimitive is available.
Package pdftexcmds Info: \pdfdraftmode found.
Package: pdfescape 2011/11/25 v1.13 Implements pdfTeX's escape features (HO)
Package: bigintcalc 2012/04/08 v1.3 Expandable calculations on big integers (HO
)
Package: bitset 2011/01/30 v1.1 Handle bit-vector datatype (HO)
Package: uniquecounter 2011/01/30 v1.2 Provide unlimited unique counter (HO)
)
Package hobsub Info: Skipping package `hobsub' (already loaded).
Package: letltxmacro 2010/09/02 v1.4 Let assignment for LaTeX macros (HO)
Package: hopatch 2012/05/28 v1.2 Wrapper for package hooks (HO)
Package: xcolor-patch 2011/01/30 xcolor patch
Package: atveryend 2011/06/30 v1.8 Hooks at the very end of document (HO)
Package atveryend Info: \enddocument detected (standard20110627).
Package: atbegshi 2011/10/05 v1.16 At begin shipout hook (HO)
Package: refcount 2011/10/16 v3.4 Data extraction from label references (HO)
Package: hycolor 2011/01/30 v1.7 Color options for hyperref/bookmark (HO)
)
(/usr/local/texlive/2014/texmf-dist/tex/generic/ifxetex/ifxetex.sty
Package: ifxetex 2010/09/12 v0.6 Provides ifxetex conditional
)
(/usr/local/texlive/2014/texmf-dist/tex/latex/oberdiek/auxhook.sty
Package: auxhook 2011/03/04 v1.3 Hooks for auxiliary files (HO)
)
(/usr/local/texlive/2014/texmf-dist/tex/latex/oberdiek/kvoptions.sty
Package: kvoptions 2011/06/30 v3.11 Key value format for package options (HO)
)
\@linkdim=\dimen105
\Hy@linkcounter=\count89
\Hy@pagecounter=\count90

(/usr/local/texlive/2014/texmf-dist/tex/latex/hyperref/pd1enc.def
File: pd1enc.def 2012/11/06 v6.83m Hyperref: PDFDocEncoding definition (HO)
)
\Hy@SavedSpaceFactor=\count91

(/usr/local/texlive/2014/texmf-dist/tex/latex/latexconfig/hyperref.cfg
File: hyperref.cfg 2002/06/06 v1.2 hyperref configuration of TeXLive
)
Package hyperref Info: Hyper figures OFF on input line 4443.
Package hyperref Info: Link nesting OFF on input line 4448.
Package hyperref Info: Hyper index ON on input line 4451.
Package hyperref Info: Plain pages OFF on input line 4458.
Package hyperref Info: Backreferencing OFF on input line 4463.
Package hyperref Info: Implicit mode ON; LaTeX internals redefined.
Package hyperref Info: Bookmarks ON on input line 4688.
\c@Hy@tempcnt=\count92

(/usr/local/texlive/2014/texmf-dist/tex/latex/url/url.sty
\Urlmuskip=\muskip10
Package: url 2013/09/16  ver 3.4  Verb mode for urls, etc.
)
LaTeX Info: Redefining \url on input line 5041.
\XeTeXLinkMargin=\dimen106
\Fld@menulength=\count93
\Field@Width=\dimen107
\Fld@charsize=\dimen108
Package hyperref Info: Hyper figures OFF on input line 6295.
Package hyperref Info: Link nesting OFF on input line 6300.
Package hyperref Info: Hyper index ON on input line 6303.
Package hyperref Info: backreferencing OFF on input line 6310.
Package hyperref Info: Link coloring OFF on input line 6315.
Package hyperref Info: Link coloring with OCG OFF on input line 6320.
Package hyperref Info: PDF/A mode OFF on input line 6325.
LaTeX Info: Redefining \ref on input line 6365.
LaTeX Info: Redefining \pageref on input line 6369.
\Hy@abspage=\count94
\c@Item=\count95
\c@Hfootnote=\count96
)

Package hyperref Message: Driver (autodetected): hpdftex.

(/usr/local/texlive/2014/texmf-dist/tex/latex/hyperref/hpdftex.def
File: hpdftex.def 2012/11/06 v6.83m Hyperref driver for pdfTeX
\Fld@listcount=\count97
\c@bookmark@seq@number=\count98

(/usr/local/texlive/2014/texmf-dist/tex/latex/oberdiek/rerunfilecheck.sty
Package: rerunfilecheck 2011/04/15 v1.7 Rerun checks for auxiliary files (HO)
Package uniquecounter Info: New unique counter `rerunfilecheck' on input line 2
82.
)
\Hy@SectionHShift=\skip44
)
(/usr/local/texlive/2014/texmf-dist/tex/latex/subfig/subfig.sty
Package: subfig 2005/06/28 ver: 1.3 subfig package

(/usr/local/texlive/2014/texmf-dist/tex/latex/caption/caption.sty
Package: caption 2013/05/02 v3.3-89 Customizing captions (AR)

(/usr/local/texlive/2014/texmf-dist/tex/latex/caption/caption3.sty
Package: caption3 2013/05/02 v1.6-88 caption3 kernel (AR)
Package caption3 Info: TeX engine: e-TeX on input line 57.
\captionmargin=\dimen109
\captionmargin@=\dimen110
\captionwidth=\dimen111
\caption@tempdima=\dimen112
\caption@indent=\dimen113
\caption@parindent=\dimen114
\caption@hangindent=\dimen115
)
\c@ContinuedFloat=\count99
Package caption Info: float package is loaded.
Package caption Info: hyperref package is loaded.
)
\c@KVtest=\count100
\sf@farskip=\skip45
\sf@captopadj=\dimen116
\sf@capskip=\skip46
\sf@nearskip=\skip47
\c@subfigure=\count101
\c@subfigure@save=\count102
\c@lofdepth=\count103
\c@subtable=\count104
\c@subtable@save=\count105
\c@lotdepth=\count106
\sf@top=\skip48
\sf@bottom=\skip49
)
(/usr/local/texlive/2014/texmf-dist/tex/latex/tools/tabularx.sty
Package: tabularx 2014/05/13 v2.10 `tabularx' package (DPC)

(/usr/local/texlive/2014/texmf-dist/tex/latex/tools/array.sty
Package: array 2008/09/09 v2.4c Tabular extension package (FMi)
\col@sep=\dimen117
\extrarowheight=\dimen118
\NC@list=\toks17
\extratabsurround=\skip50
\backup@length=\skip51
)
\TX@col@width=\dimen119
\TX@old@table=\dimen120
\TX@old@col=\dimen121
\TX@target=\dimen122
\TX@delta=\dimen123
\TX@cols=\count107
\TX@ftn=\toks18
)
(/usr/local/texlive/2014/texmf-dist/tex/latex/listings/listings.sty
\lst@mode=\count108
\lst@gtempboxa=\box28
\lst@token=\toks19
\lst@length=\count109
\lst@currlwidth=\dimen124
\lst@column=\count110
\lst@pos=\count111
\lst@lostspace=\dimen125
\lst@width=\dimen126
\lst@newlines=\count112
\lst@lineno=\count113
\lst@maxwidth=\dimen127

(/usr/local/texlive/2014/texmf-dist/tex/latex/listings/lstmisc.sty
File: lstmisc.sty 2014/03/04 1.5c (Carsten Heinz)
\c@lstnumber=\count114
\lst@skipnumbers=\count115
\lst@framebox=\box29
)
(/usr/local/texlive/2014/texmf-dist/tex/latex/listings/listings.cfg
File: listings.cfg 2014/03/04 1.5c listings configuration
))
Package: listings 2014/03/04 1.5c (Carsten Heinz)

(/usr/local/texlive/2014/texmf-dist/tex/latex/graphics/color.sty
Package: color 2014/04/23 v1.1a Standard LaTeX Color (DPC)

(/usr/local/texlive/2014/texmf-dist/tex/latex/latexconfig/color.cfg
File: color.cfg 2007/01/18 v1.5 color configuration of teTeX/TeXLive
)
Package color Info: Driver file: pdftex.def on input line 137.
)
(/usr/local/texlive/2014/texmf-dist/tex/latex/pdfpages/pdfpages.sty
Package: pdfpages 2013/08/25 v0.4v Insert pages of external PDF documents (AM)

(/usr/local/texlive/2014/texmf-dist/tex/latex/base/ifthen.sty
Package: ifthen 2001/05/26 v1.1c Standard LaTeX ifthen package (DPC)
)
(/usr/local/texlive/2014/texmf-dist/tex/latex/tools/calc.sty
Package: calc 2007/08/22 v4.3 Infix arithmetic (KKT,FJ)
\calc@Acount=\count116
\calc@Bcount=\count117
\calc@Adimen=\dimen128
\calc@Bdimen=\dimen129
\calc@Askip=\skip52
\calc@Bskip=\skip53
LaTeX Info: Redefining \setlength on input line 75.
LaTeX Info: Redefining \addtolength on input line 76.
\calc@Ccount=\count118
\calc@Cskip=\skip54
)
(/usr/local/texlive/2014/texmf-dist/tex/latex/eso-pic/eso-pic.sty
Package: eso-pic 2013/10/06 v2.0d eso-pic (RN)
)
(/usr/local/texlive/2014/texmf-dist/tex/latex/pdfpages/pppdftex.def
File: pppdftex.def 2013/08/25 v0.4v Pdfpages driver for pdfTeX (AM)
)
\AM@pagebox=\box30
\AM@toc@title=\toks20
\c@AM@survey=\count119
\AM@templatesizebox=\box31
)
(/usr/local/texlive/2014/texmf-dist/tex/latex/mh/mathtools.sty
Package: mathtools 2014/05/21 v1.14 mathematical typesetting tools

(/usr/local/texlive/2014/texmf-dist/tex/latex/mh/mhsetup.sty
Package: mhsetup 2010/01/21 v1.2a programming setup (MH)
)
(/usr/local/texlive/2014/texmf-dist/tex/latex/amsmath/amsmath.sty
Package: amsmath 2013/01/14 v2.14 AMS math features
\@mathmargin=\skip55

For additional information on amsmath, use the `?' option.
(/usr/local/texlive/2014/texmf-dist/tex/latex/amsmath/amstext.sty
Package: amstext 2000/06/29 v2.01

(/usr/local/texlive/2014/texmf-dist/tex/latex/amsmath/amsgen.sty
File: amsgen.sty 1999/11/30 v2.0
\@emptytoks=\toks21
\ex@=\dimen130
))
(/usr/local/texlive/2014/texmf-dist/tex/latex/amsmath/amsbsy.sty
Package: amsbsy 1999/11/29 v1.2d
\pmbraise@=\dimen131
)
(/usr/local/texlive/2014/texmf-dist/tex/latex/amsmath/amsopn.sty
Package: amsopn 1999/12/14 v2.01 operator names
)
\inf@bad=\count120
LaTeX Info: Redefining \frac on input line 210.
\uproot@=\count121
\leftroot@=\count122
LaTeX Info: Redefining \overline on input line 306.
\classnum@=\count123
\DOTSCASE@=\count124
LaTeX Info: Redefining \ldots on input line 378.
LaTeX Info: Redefining \dots on input line 381.
LaTeX Info: Redefining \cdots on input line 466.
\Mathstrutbox@=\box32
\strutbox@=\box33
\big@size=\dimen132
LaTeX Font Info:    Redeclaring font encoding OML on input line 566.
LaTeX Font Info:    Redeclaring font encoding OMS on input line 567.
\macc@depth=\count125
\c@MaxMatrixCols=\count126
\dotsspace@=\muskip11
\c@parentequation=\count127
\dspbrk@lvl=\count128
\tag@help=\toks22
\row@=\count129
\column@=\count130
\maxfields@=\count131
\andhelp@=\toks23
\eqnshift@=\dimen133
\alignsep@=\dimen134
\tagshift@=\dimen135
\tagwidth@=\dimen136
\totwidth@=\dimen137
\lineht@=\dimen138
\@envbody=\toks24
\multlinegap=\skip56
\multlinetaggap=\skip57
\mathdisplay@stack=\toks25
LaTeX Info: Redefining \[ on input line 2665.
LaTeX Info: Redefining \] on input line 2666.
)
LaTeX Info: Thecontrolsequence`\['isalreadyrobust on input line 129.
LaTeX Info: Thecontrolsequence`\]'isalreadyrobust on input line 129.
\g_MT_multlinerow_int=\count132
\l_MT_multwidth_dim=\dimen139
\origjot=\skip58
\l_MT_shortvdotswithinadjustabove_dim=\dimen140
\l_MT_shortvdotswithinadjustbelow_dim=\dimen141
\l_MT_above_intertext_sep=\dimen142
\l_MT_below_intertext_sep=\dimen143
\l_MT_above_shortintertext_sep=\dimen144
\l_MT_below_shortintertext_sep=\dimen145
)
(/usr/local/texlive/2014/texmf-dist/tex/latex/chngcntr/chngcntr.sty
Package: chngcntr 2009/09/02 v1.0a change counter resetting
)
(./Dissertation_JohanHager_911229-0797.aux

LaTeX Warning: Label `subsec:summary' multiply defined.


LaTeX Warning: Label `subsec:summary' multiply defined.


LaTeX Warning: Label `tab:distamceGoogleGlassFull' multiply defined.


LaTeX Warning: Label `tab:distamceSmartphoneFull' multiply defined.


LaTeX Warning: Label `tab:distamceGoogleGlassFull' multiply defined.


LaTeX Warning: Label `tab:distamceGoogleGlassFull' multiply defined.


LaTeX Warning: Label `tab:distamceSmartphoneFull' multiply defined.


LaTeX Warning: Label `tab:distamceGoogleGlassFull' multiply defined.


LaTeX Warning: Label `tab:distamceGoogleGlassFull' multiply defined.

)
\openout1 = `Dissertation_JohanHager_911229-0797.aux'.

LaTeX Font Info:    Checking defaults for OML/cmm/m/it on input line 75.
LaTeX Font Info:    ... okay on input line 75.
LaTeX Font Info:    Checking defaults for T1/cmr/m/n on input line 75.
LaTeX Font Info:    ... okay on input line 75.
LaTeX Font Info:    Checking defaults for OT1/cmr/m/n on input line 75.
LaTeX Font Info:    ... okay on input line 75.
LaTeX Font Info:    Checking defaults for OMS/cmsy/m/n on input line 75.
LaTeX Font Info:    ... okay on input line 75.
LaTeX Font Info:    Checking defaults for OMX/cmex/m/n on input line 75.
LaTeX Font Info:    ... okay on input line 75.
LaTeX Font Info:    Checking defaults for U/cmr/m/n on input line 75.
LaTeX Font Info:    ... okay on input line 75.
LaTeX Font Info:    Checking defaults for PD1/pdf/m/n on input line 75.
LaTeX Font Info:    ... okay on input line 75.
 (/usr/local/texlive/2014/texmf-dist/tex/context/base/supp-pdf.mkii
[Loading MPS to PDF converter (version 2006.09.02).]
\scratchcounter=\count133
\scratchdimen=\dimen146
\scratchbox=\box34
\nofMPsegments=\count134
\nofMParguments=\count135
\everyMPshowfont=\toks26
\MPscratchCnt=\count136
\MPscratchDim=\dimen147
\MPnumerator=\count137
\makeMPintoPDFobject=\count138
\everyMPtoPDFconversion=\toks27
) (/usr/local/texlive/2014/texmf-dist/tex/latex/oberdiek/epstopdf-base.sty
Package: epstopdf-base 2010/02/09 v2.5 Base part for package epstopdf

(/usr/local/texlive/2014/texmf-dist/tex/latex/oberdiek/grfext.sty
Package: grfext 2010/08/19 v1.1 Manage graphics extensions (HO)
)
Package grfext Info: Graphics extension search list:
(grfext)             [.png,.pdf,.jpg,.mps,.jpeg,.jbig2,.jb2,.PNG,.PDF,.JPG,.JPE
G,.JBIG2,.JB2,.eps]
(grfext)             \AppendGraphicsExtensions on input line 452.

(/usr/local/texlive/2014/texmf-dist/tex/latex/latexconfig/epstopdf-sys.cfg
File: epstopdf-sys.cfg 2010/07/13 v1.3 Configuration of (r)epstopdf for TeX Liv
e
))
\AtBeginShipoutBox=\box35
Package hyperref Info: Link coloring OFF on input line 75.

(/usr/local/texlive/2014/texmf-dist/tex/latex/hyperref/nameref.sty
Package: nameref 2012/10/27 v2.43 Cross-referencing by name of section

(/usr/local/texlive/2014/texmf-dist/tex/generic/oberdiek/gettitlestring.sty
Package: gettitlestring 2010/12/03 v1.4 Cleanup title references (HO)
)
\c@section@level=\count139
)
LaTeX Info: Redefining \ref on input line 75.
LaTeX Info: Redefining \pageref on input line 75.
LaTeX Info: Redefining \nameref on input line 75.

(./Dissertation_JohanHager_911229-0797.out)
(./Dissertation_JohanHager_911229-0797.out)
\@outlinefile=\write3
\openout3 = `Dissertation_JohanHager_911229-0797.out'.

Package caption Info: Begin \AtBeginDocument code.
Package caption Info: subfig package v1.3 is loaded.
Package caption Info: listings package is loaded.
Package caption Info: End \AtBeginDocument code.
\c@lstlisting=\count140

<kaueng.pdf, id=289, 505.89pt x 506.89375pt>
File: kaueng.pdf Graphic file (type pdf)
 <use kaueng.pdf>
Package pdftex.def Info: kaueng.pdf used on input line 80.
(pdftex.def)             Requested size: 85.35826pt x 85.52109pt.
 [1

{/usr/local/texlive/2014/texmf-var/fonts/map/pdftex/updmap/pdftex.map} <./kauen
g.pdf>]
<kau.pdf, id=306, 505.89pt x 505.89pt>
File: kau.pdf Graphic file (type pdf)
 <use kau.pdf>
Package pdftex.def Info: kau.pdf used on input line 83.
(pdftex.def)             Requested size: 85.35826pt x 85.35173pt.
 [2 <./kau.pdf>]
LaTeX Font Info:    Try loading font information for OMS+cmr on input line 87.

(/usr/local/texlive/2014/texmf-dist/tex/latex/base/omscmr.fd
File: omscmr.fd 1999/05/25 v2.5h Standard LaTeX font definitions
)
LaTeX Font Info:    Font shape `OMS/cmr/m/n' in size <12> not available
(Font)              Font shape `OMS/cmsy/m/n' tried instead on input line 87.
 [3

] [2

] [3]
[4

]
Underfull \hbox (badness 10000) in paragraph at lines 105--120

 []

[5] [6


]
Missing character: There is no Ã in font cmr12!
Missing character: There is no ¤ in font cmr12!

Underfull \hbox (badness 10000) in paragraph at lines 130--135

 []

[7] [8


] [9

] [10


] (./Dissertation_JohanHager_911229-0797.toc [11] [12])
\tf@toc=\write4
\openout4 = `Dissertation_JohanHager_911229-0797.toc'.

 [13]
[14

] (./Dissertation_JohanHager_911229-0797.lof [15

] [16])
\tf@lof=\write5
\openout5 = `Dissertation_JohanHager_911229-0797.lof'.

 [17] [18

]
(./Dissertation_JohanHager_911229-0797.lot)
\tf@lot=\write6
\openout6 = `Dissertation_JohanHager_911229-0797.lot'.

 [19

] [20

]
(./Dissertation_JohanHager_911229-0797.lol)
\tf@lol=\write7
\openout7 = `Dissertation_JohanHager_911229-0797.lol'.

 [21] [22

] (./Introduction.texpdfTeX warning (ext4): destination with the same identifie
r (name{page.1}) has been already used, duplicate ignored
<to be read again> 
                   \relax 
l.24 
      [1

]
<images/projectmapLightVersion.pdf, id=686, 563.35132pt x 384.26134pt>
File: images/projectmapLightVersion.pdf Graphic file (type pdf)

<use images/projectmapLightVersion.pdf>
Package pdftex.def Info: images/projectmapLightVersion.pdf used on input line 3
1.
(pdftex.def)             Requested size: 312.9803pt x 213.4845pt.

Underfull \vbox (badness 4391) has occurred while \output is active []

pdfTeX warning (ext4): destination with the same identifier (name{page.2}) has 
been already used, duplicate ignored
<to be read again> 
                   \relax 
l.37 
      [2 <./images/projectmapLightVersion.pdf>]pdfTeX warning (ext4): destinati
on with the same identifier (name{page.3}) has been already used, duplicate ign
ored
<to be read again> 
                   \relax 
l.45 
      [3]
Underfull \vbox (badness 10000) has occurred while \output is active []

 [4]
[5]) [6] (./Background.tex (./chap2/GlassDef.tex
Underfull \vbox (badness 10000) has occurred while \output is active []

 [7

]
<images/GoogleGlassHardwareTouchpad.png, id=755, 851.18pt x 466.74374pt>
File: images/GoogleGlassHardwareTouchpad.png Graphic file (type png)

<use images/GoogleGlassHardwareTouchpad.png>
Package pdftex.def Info: images/GoogleGlassHardwareTouchpad.png used on input l
ine 6.
(pdftex.def)             Requested size: 199.16928pt x 109.21474pt.

<images/GoogleGlassHardware.png, id=756, 854.19125pt x 468.75125pt>
File: images/GoogleGlassHardware.png Graphic file (type png)

<use images/GoogleGlassHardware.png>
Package pdftex.def Info: images/GoogleGlassHardware.png used on input line 8.
(pdftex.def)             Requested size: 199.16928pt x 109.29109pt.
 [8 <./images/GoogleGlassHardwareTouchpad.png> <./images/GoogleGlassHardware.pn
g>]
<images/OculusRift.jpg, id=777, 481.8pt x 417.56pt>
File: images/OculusRift.jpg Graphic file (type jpg)

<use images/OculusRift.jpg>
Package pdftex.def Info: images/OculusRift.jpg used on input line 61.
(pdftex.def)             Requested size: 284.52756pt x 246.594pt.
 [9] [10 <./images/OculusRift.jpg>]
<images/GoogleGlassKeepRevelant.jpg, id=799, 722.7pt x 406.51875pt>
File: images/GoogleGlassKeepRevelant.jpg Graphic file (type jpg)

<use images/GoogleGlassKeepRevelant.jpg>
Package pdftex.def Info: images/GoogleGlassKeepRevelant.jpg used on input line 
78.
(pdftex.def)             Requested size: 284.52756pt x 160.04898pt.
) (./chap2/GlassUI.tex
<images/GoogleGlassUI.png, id=806, 850.17625pt x 465.74pt>
File: images/GoogleGlassUI.png Graphic file (type png)

<use images/GoogleGlassUI.png>
Package pdftex.def Info: images/GoogleGlassUI.png used on input line 5.
(pdftex.def)             Requested size: 284.52756pt x 155.8693pt.
 [11 <./images/GoogleGlassKeepRevelant.jpg>]
<images/GoogleGlassHomescreen.png, id=815, 803.0pt x 481.8pt>
File: images/GoogleGlassHomescreen.png Graphic file (type png)

<use images/GoogleGlassHomescreen.png>
Package pdftex.def Info: images/GoogleGlassHomescreen.png used on input line 16
.
(pdftex.def)             Requested size: 199.16928pt x 119.50133pt.

<images/GoogleGlassStarImmersion.png, id=816, 803.0pt x 481.8pt>
File: images/GoogleGlassStarImmersion.png Graphic file (type png)

<use images/GoogleGlassStarImmersion.png>
Package pdftex.def Info: images/GoogleGlassStarImmersion.png used on input line
 18.
(pdftex.def)             Requested size: 199.16928pt x 119.50133pt.

<images/GoogleGlassStarImmersion2.png, id=817, 803.0pt x 481.8pt>
File: images/GoogleGlassStarImmersion2.png Graphic file (type png)

<use images/GoogleGlassStarImmersion2.png>
Package pdftex.def Info: images/GoogleGlassStarImmersion2.png used on input lin
e 20.
(pdftex.def)             Requested size: 199.16928pt x 119.50133pt.

Overfull \hbox (2.2838pt too wide) in paragraph at lines 28--29
[]\OT1/cmr/m/n/12 Google Glass uses a bone con-duc-tion trans-ducer (BCT) to tr
ans-fer sound to the user [[]].
 []


Underfull \vbox (badness 1502) has occurred while \output is active []

 [12 <./images/GoogleGlassUI.png>]
Underfull \vbox (badness 5985) has occurred while \output is active []

 [13 <./images/GoogleGlassHomescreen.png> <./images/GoogleGlassStarImmersion.pn
g> <./images/GoogleGlassStarImmersion2.png>]
<images/glassVoiceMenu.png, id=840, 642.4pt x 361.35pt>
File: images/glassVoiceMenu.png Graphic file (type png)

<use images/glassVoiceMenu.png>
Package pdftex.def Info: images/glassVoiceMenu.png used on input line 36.
(pdftex.def)             Requested size: 284.52756pt x 160.0476pt.
) (./chap2/SimilarProducts.tex [14 <./images/glassVoiceMenu.png>]
<images/similarProducts/hololens.png, id=854, 696.6025pt x 312.16624pt>
File: images/similarProducts/hololens.png Graphic file (type png)

<use images/similarProducts/hololens.png>
Package pdftex.def Info: images/similarProducts/hololens.png used on input line
 5.
(pdftex.def)             Requested size: 199.16928pt x 89.24933pt.

<images/similarProducts/reconJet.png, id=857, 693.59125pt x 343.2825pt>
File: images/similarProducts/reconJet.png Graphic file (type png)

<use images/similarProducts/reconJet.png>
Package pdftex.def Info: images/similarProducts/reconJet.png used on input line
 7.
(pdftex.def)             Requested size: 199.16928pt x 98.57509pt.

<images/similarProducts/glassUp.png, id=860, 779.91376pt x 364.36125pt>
File: images/similarProducts/glassUp.png Graphic file (type png)

<use images/similarProducts/glassUp.png>
Package pdftex.def Info: images/similarProducts/glassUp.png used on input line 
9.
(pdftex.def)             Requested size: 199.16928pt x 93.04709pt.

<images/similarProducts/penny.png, id=863, 500.87125pt x 190.7125pt>
File: images/similarProducts/penny.png Graphic file (type png)

<use images/similarProducts/penny.png>
Package pdftex.def Info: images/similarProducts/penny.png used on input line 11
.
(pdftex.def)             Requested size: 199.16928pt x 75.8355pt.
 [15 <./images/similarProducts/hololens.png> <./images/similarProducts/reconJet
.png> <./images/similarProducts/glassUp.png> <./images/similarProducts/penny.pn
g>] [16] [17]) (./chap2/vsphones.tex
[18] <images/smartphoneSize2.jpg, id=927, 662.475pt x 363.3575pt>
File: images/smartphoneSize2.jpg Graphic file (type jpg)

<use images/smartphoneSize2.jpg>
Package pdftex.def Info: images/smartphoneSize2.jpg used on input line 14.
(pdftex.def)             Requested size: 312.9803pt x 171.66513pt.

<images/smartphoneSize.png, id=930, 722.7pt x 429.605pt>
File: images/smartphoneSize.png Graphic file (type png)

<use images/smartphoneSize.png>
Package pdftex.def Info: images/smartphoneSize.png used on input line 23.
(pdftex.def)             Requested size: 312.9803pt x 186.0507pt.
 [19 <./images/smartphoneSize2.jpg> <./images/smartphoneSize.png>]) (./chap2/Li
mitations.tex [20]) (./chap2/QRCode.tex
<images/qrcodeMall.pdf, id=959, 1173.8637pt x 851.71005pt>
File: images/qrcodeMall.pdf Graphic file (type pdf)

<use images/qrcodeMall.pdf>
Package pdftex.def Info: images/qrcodeMall.pdf used on input line 14.
(pdftex.def)             Requested size: 227.62204pt x 165.15356pt.

Underfull \vbox (badness 10000) has occurred while \output is active []

 [21]
[22 <./images/qrcodeMall.pdf>]
<images/qrcodeexample.pdf, id=993, 1100.38531pt x 715.4366pt>
File: images/qrcodeexample.pdf Graphic file (type pdf)

<use images/qrcodeexample.pdf>
Package pdftex.def Info: images/qrcodeexample.pdf used on input line 28.
(pdftex.def)             Requested size: 284.52756pt x 184.98296pt.

<images/qrcodeexampleStep3.pdf, id=997, 102.2052pt x 34.0684pt>
File: images/qrcodeexampleStep3.pdf Graphic file (type pdf)

<use images/qrcodeexampleStep3.pdf>
Package pdftex.def Info: images/qrcodeexampleStep3.pdf used on input line 41.
(pdftex.def)             Requested size: 85.35826pt x 28.45299pt.
 [23 <./images/qrcodeexample.pdf> <./images/qrcodeexampleStep3.pdf

pdfTeX warning: /usr/texbin/pdflatex (file ./images/qrcodeexampleStep3.pdf): PD
F inclusion: multiple pdfs with page group included in a single page
>] <images/qrcodemaskpattern.pdf, id=1015, 204.4104pt x 204.4104pt>
File: images/qrcodemaskpattern.pdf Graphic file (type pdf)

<use images/qrcodemaskpattern.pdf>
Package pdftex.def Info: images/qrcodemaskpattern.pdf used on input line 56.
(pdftex.def)             Requested size: 113.81102pt x 113.81091pt.

<images/qrcodezigzag.pdf, id=1020, 851.70999pt x 851.71005pt>
File: images/qrcodezigzag.pdf Graphic file (type pdf)

<use images/qrcodezigzag.pdf>
Package pdftex.def Info: images/qrcodezigzag.pdf used on input line 67.
(pdftex.def)             Requested size: 284.52756pt x 284.52213pt.
 [24 <./images/qrcodemaskpattern.pdf>]
<images/qrcodeexampleStep4.pdf, id=1030, 68.1368pt x 68.1368pt>
File: images/qrcodeexampleStep4.pdf Graphic file (type pdf)

<use images/qrcodeexampleStep4.pdf>
Package pdftex.def Info: images/qrcodeexampleStep4.pdf used on input line 88.
(pdftex.def)             Requested size: 42.67912pt x 42.68103pt.
 [25 <./images/qrcodezigzag.pdf> <./images/qrcodeexampleStep4.pdf

pdfTeX warning: /usr/texbin/pdflatex (file ./images/qrcodeexampleStep4.pdf): PD
F inclusion: multiple pdfs with page group included in a single page
>] <images/qrcodeexampleStep5.pdf, id=1043, 68.1368pt x 136.27357pt>
File: images/qrcodeexampleStep5.pdf Graphic file (type pdf)

<use images/qrcodeexampleStep5.pdf>
Package pdftex.def Info: images/qrcodeexampleStep5.pdf used on input line 115.
(pdftex.def)             Requested size: 42.67912pt x 85.36206pt.
 [26] [27 <./images/qrcodeexampleStep5.pdf>] <images/qrcodeexampleStep6.pdf, id
=1056, 68.1368pt x 136.27357pt>
File: images/qrcodeexampleStep6.pdf Graphic file (type pdf)

<use images/qrcodeexampleStep6.pdf>
Package pdftex.def Info: images/qrcodeexampleStep6.pdf used on input line 178.
(pdftex.def)             Requested size: 42.67912pt x 85.36206pt.

<images/qrcodeexampleStep7.pdf, id=1059, 136.27357pt x 68.1368pt>
File: images/qrcodeexampleStep7.pdf Graphic file (type pdf)

<use images/qrcodeexampleStep7.pdf>
Package pdftex.def Info: images/qrcodeexampleStep7.pdf used on input line 213.
(pdftex.def)             Requested size: 85.35826pt x 42.68103pt.
 [28 <./images/qrcodeexampleStep6.pdf>]
<images/qrcodeexampleStep8.pdf, id=1068, 68.1368pt x 136.27357pt>
File: images/qrcodeexampleStep8.pdf Graphic file (type pdf)

<use images/qrcodeexampleStep8.pdf>
Package pdftex.def Info: images/qrcodeexampleStep8.pdf used on input line 248.
(pdftex.def)             Requested size: 42.67912pt x 85.36206pt.
 [29 <./images/qrcodeexampleStep7.pdf> <./images/qrcodeexampleStep8.pdf

pdfTeX warning: /usr/texbin/pdflatex (file ./images/qrcodeexampleStep8.pdf): PD
F inclusion: multiple pdfs with page group included in a single page
>]) (./chap2/Information.tex [30] [31]
Underfull \vbox (badness 10000) has occurred while \output is active []

 [32])
[33] (./chap2/Summary.tex [34]
Underfull \vbox (badness 10000) has occurred while \output is active []

 [35]))
[36] (./Design.tex (./chap3/application.tex
<images/projectmap4.pdf, id=1138, 563.35132pt x 384.26134pt>
File: images/projectmap4.pdf Graphic file (type pdf)

<use images/projectmap4.pdf>
Package pdftex.def Info: images/projectmap4.pdf used on input line 7.
(pdftex.def)             Requested size: 256.0748pt x 174.66914pt.
 [37

 <./images/projectmap4.pdf>]
<images/cardDesign2.pdf, id=1159, 453.2716pt x 82.88536pt>
File: images/cardDesign2.pdf Graphic file (type pdf)

<use images/cardDesign2.pdf>
Package pdftex.def Info: images/cardDesign2.pdf used on input line 17.
(pdftex.def)             Requested size: 426.79134pt x 78.0463pt.
 [38 <./images/cardDesign2.pdf>]
<images/glaswareFlowDesignerScreenshot.png, id=1178, 1632.0975pt x 775.89874pt>
File: images/glaswareFlowDesignerScreenshot.png Graphic file (type png)
<use images/glaswareFlowDesignerScreenshot.png>
Package pdftex.def Info: images/glaswareFlowDesignerScreenshot.png used on inpu
t line 42.
(pdftex.def)             Requested size: 426.79134pt x 202.88916pt.
) (./chap3/SmallSpaceDesign.tex
Underfull \vbox (badness 10000) has occurred while \output is active []

 [39 <./images/glaswareFlowDesignerScreenshot.png>]
<images/standard-template.png, id=1186, 735.74875pt x 366.36874pt>
File: images/standard-template.png Graphic file (type png)

<use images/standard-template.png>
Package pdftex.def Info: images/standard-template.png used on input line 5.
(pdftex.def)             Requested size: 312.9803pt x 155.8528pt.

<images/card_text.png, id=1190, 642.4pt x 361.35pt>
File: images/card_text.png Graphic file (type png)
 <use images/card_text.png>
Package pdftex.def Info: images/card_text.png used on input line 14.
(pdftex.def)             Requested size: 199.16928pt x 112.03387pt.

<images/card_text_fixed.png, id=1191, 642.4pt x 361.35pt>
File: images/card_text_fixed.png Graphic file (type png)

<use images/card_text_fixed.png>
Package pdftex.def Info: images/card_text_fixed.png used on input line 16.
(pdftex.def)             Requested size: 199.16928pt x 112.03387pt.

<images/card_columns.png, id=1192, 642.4pt x 361.35pt>
File: images/card_columns.png Graphic file (type png)

<use images/card_columns.png>
Package pdftex.def Info: images/card_columns.png used on input line 18.
(pdftex.def)             Requested size: 199.16928pt x 112.03387pt.

<images/card_title.png, id=1193, 642.4pt x 361.35pt>
File: images/card_title.png Graphic file (type png)

<use images/card_title.png>
Package pdftex.def Info: images/card_title.png used on input line 20.
(pdftex.def)             Requested size: 199.16928pt x 112.03387pt.

Overfull \hbox (7.74892pt too wide) in paragraph at lines 26--27
[]\OT1/cmr/m/n/12 In terms of the in-for-ma-tion dis-played, Google's de-fault 
type-face fam-ily is called ``Roboto''.
 []

[40 <./images/standard-template.png>] [41 <./images/card_text.png> <./images/ca
rd_text_fixed.png> <./images/card_columns.png> <./images/card_title.png>]
[42]) (./chap3/Smartphones.tex
<images/principles_make_important_fast.png, id=1232, 341.275pt x 170.6375pt>
File: images/principles_make_important_fast.png Graphic file (type png)

<use images/principles_make_important_fast.png>
Package pdftex.def Info: images/principles_make_important_fast.png used on inpu
t line 21.
(pdftex.def)             Requested size: 312.9803pt x 156.49889pt.
 [43]) [44 <./images/principles_make_important_fast.png (PNG copy)>] (./chap3/T
estCases.tex [45] [46])
(./chap3/TestUnits.tex [47]
Underfull \hbox (badness 3895) in paragraph at lines 28--28
[]|\OT1/cmr/bx/n/12 Samsung Galaxy
 []


Underfull \hbox (badness 3895) in paragraph at lines 28--28
[]|\OT1/cmr/bx/n/12 Samsung Galaxy
 []


Underfull \hbox (badness 6842) in paragraph at lines 28--28
[]|\OT1/cmr/m/n/12 OMAP 4430 dual
 []


Underfull \hbox (badness 1122) in paragraph at lines 28--28
[]|\OT1/cmr/m/n/12 1.2 GHz dual core
 []


Underfull \hbox (badness 1019) in paragraph at lines 28--28
[]|\OT1/cmr/m/n/12 Equivalent of a 25
 []

) [48] (./chap3/summary.tex [49])) [50] (./Implementation.tex
(./chap4/application.tex
<images/demo/qrCodeNew.png, id=1324, 642.4pt x 361.35pt>
File: images/demo/qrCodeNew.png Graphic file (type png)

<use images/demo/qrCodeNew.png>
Package pdftex.def Info: images/demo/qrCodeNew.png used on input line 12.
(pdftex.def)             Requested size: 199.16928pt x 112.03387pt.

<images/demo/smartphone/qrCodeNew.png, id=1325, 481.8pt x 803.0pt>
File: images/demo/smartphone/qrCodeNew.png Graphic file (type png)

<use images/demo/smartphone/qrCodeNew.png>
Package pdftex.def Info: images/demo/smartphone/qrCodeNew.png used on input lin
e 14.
(pdftex.def)             Requested size: 199.16928pt x 331.94pt.
 [51

 <./images/demo/qrCodeNew.png> <./images/demo/smartphone/qrCodeNew.png>]
Underfull \vbox (badness 2435) has occurred while \output is active []

 [52]
(/usr/local/texlive/2014/texmf-dist/tex/latex/listings/lstlang1.sty
File: lstlang1.sty 2014/03/04 1.5c listings language file
)
Package hyperref Info: bookmark level for unknown lstlisting defaults to 0 on i
nput line 32.
 [53]
<images/classDiagram/GoogleGlassClassDiagram.pdf, id=1363, 403.5075pt x 327.222
5pt>
File: images/classDiagram/GoogleGlassClassDiagram.pdf Graphic file (type pdf)
 <use images/classDiagram/GoogleGlassClassDiagram.pdf>
Package pdftex.def Info: images/classDiagram/GoogleGlassClassDiagram.pdf used o
n input line 51.
(pdftex.def)             Requested size: 284.52756pt x 230.73682pt.

<images/classDiagram/SmartphoneClassDiagram.pdf, id=1364, 144.1385pt x 256.5585
pt>
File: images/classDiagram/SmartphoneClassDiagram.pdf Graphic file (type pdf)
 <use images/classDiagram/SmartphoneClassDiagram.pdf>
Package pdftex.def Info: images/classDiagram/SmartphoneClassDiagram.pdf used on
 input line 53.
(pdftex.def)             Requested size: 85.35826pt x 151.93584pt.
 [54 <./images/classDiagram/GoogleGlassClassDiagram.pdf> <./images/classDiagram
/SmartphoneClassDiagram.pdf

pdfTeX warning: /usr/texbin/pdflatex (file ./images/classDiagram/SmartphoneClas
sDiagram.pdf): PDF inclusion: multiple pdfs with page group included in a singl
e page
>] <images/demo/loadingBar.png, id=1471, 642.4pt x 361.35pt>
File: images/demo/loadingBar.png Graphic file (type png)

<use images/demo/loadingBar.png>
Package pdftex.def Info: images/demo/loadingBar.png used on input line 77.
(pdftex.def)             Requested size: 199.16928pt x 112.03387pt.

<images/demo/smartphone/loadingSpinner.png, id=1472, 481.8pt x 803.0pt>
File: images/demo/smartphone/loadingSpinner.png Graphic file (type png)

<use images/demo/smartphone/loadingSpinner.png>
Package pdftex.def Info: images/demo/smartphone/loadingSpinner.png used on inpu
t line 79.
(pdftex.def)             Requested size: 199.16928pt x 331.94pt.

Underfull \vbox (badness 2435) has occurred while \output is active []

 [55]
[56 <./images/demo/loadingBar.png (PNG copy)> <./images/demo/smartphone/loading
Spinner.png>]
<images/rawImages/BILD_6.pdf, id=1489, 528.06029pt x 395.19574pt>
File: images/rawImages/BILD_6.pdf Graphic file (type pdf)

<use images/rawImages/BILD_6.pdf>
Package pdftex.def Info: images/rawImages/BILD_6.pdf used on input line 93.
(pdftex.def)             Requested size: 256.0748pt x 191.65161pt.

<images/demo/titleCard.png, id=1491, 642.4pt x 361.35pt>
File: images/demo/titleCard.png Graphic file (type png)

<use images/demo/titleCard.png>
Package pdftex.def Info: images/demo/titleCard.png used on input line 109.
(pdftex.def)             Requested size: 199.16928pt x 112.03387pt.

<images/demo/smartphone/titleCard.png, id=1492, 481.8pt x 803.0pt>
File: images/demo/smartphone/titleCard.png Graphic file (type png)

<use images/demo/smartphone/titleCard.png>
Package pdftex.def Info: images/demo/smartphone/titleCard.png used on input lin
e 111.
(pdftex.def)             Requested size: 199.16928pt x 331.94pt.
 [57 <./images/rawImages/BILD_6.pdf>] <images/demo/componentText.png, id=1510, 
642.4pt x 361.35pt>
File: images/demo/componentText.png Graphic file (type png)

<use images/demo/componentText.png>
Package pdftex.def Info: images/demo/componentText.png used on input line 129.
(pdftex.def)             Requested size: 199.16928pt x 112.03387pt.

<images/demo/smartphone/componentText.png, id=1511, 481.8pt x 803.0pt>
File: images/demo/smartphone/componentText.png Graphic file (type png)

<use images/demo/smartphone/componentText.png>
Package pdftex.def Info: images/demo/smartphone/componentText.png used on input
 line 131.
(pdftex.def)             Requested size: 199.16928pt x 331.94pt.

<images/demo/columnImage.png, id=1512, 642.4pt x 361.35pt>
File: images/demo/columnImage.png Graphic file (type png)

<use images/demo/columnImage.png>
Package pdftex.def Info: images/demo/columnImage.png used on input line 146.
(pdftex.def)             Requested size: 199.16928pt x 112.03387pt.

<images/demo/smartphone/columnImage.png, id=1513, 481.8pt x 803.0pt>
File: images/demo/smartphone/columnImage.png Graphic file (type png)

<use images/demo/smartphone/columnImage.png>
Package pdftex.def Info: images/demo/smartphone/columnImage.png used on input l
ine 148.
(pdftex.def)             Requested size: 199.16928pt x 331.94pt.
 [58 <./images/demo/titleCard.png (PNG copy)> <./images/demo/smartphone/titleCa
rd.png>] [59 <./images/demo/componentText.png (PNG copy)> <./images/demo/smartp
hone/componentText.png>] [60 <./images/demo/columnImage.png (PNG copy)> <./imag
es/demo/smartphone/columnImage.png>] <images/demo/instructionImage.png, id=1541
, 642.4pt x 361.35pt>
File: images/demo/instructionImage.png Graphic file (type png)

<use images/demo/instructionImage.png>
Package pdftex.def Info: images/demo/instructionImage.png used on input line 16
9.
(pdftex.def)             Requested size: 199.16928pt x 112.03387pt.

<images/demo/smartphone/instructionImage.png, id=1542, 481.8pt x 803.0pt>
File: images/demo/smartphone/instructionImage.png Graphic file (type png)

<use images/demo/smartphone/instructionImage.png>
Package pdftex.def Info: images/demo/smartphone/instructionImage.png used on in
put line 171.
(pdftex.def)             Requested size: 199.16928pt x 331.94pt.
 [61 <./images/demo/instructionImage.png (PNG copy)> <./images/demo/smartphone/
instructionImage.png>]
<images/demo/glassVoiceCommand.png, id=1552, 642.4pt x 361.35pt>
File: images/demo/glassVoiceCommand.png Graphic file (type png)

<use images/demo/glassVoiceCommand.png>
Package pdftex.def Info: images/demo/glassVoiceCommand.png used on input line 1
81.
(pdftex.def)             Requested size: 256.0748pt x 144.0467pt.
)
Underfull \vbox (badness 3375) has occurred while \output is active []

 [62 <./images/demo/glassVoiceCommand.png (PNG copy)>]
File: images/demo/titleCard.png Graphic file (type png)
 <use images/demo/titleCard.png>
Package pdftex.def Info: images/demo/titleCard.png used on input line 39.
(pdftex.def)             Requested size: 199.16928pt x 112.03387pt.
File: images/demo/columnImage.png Graphic file (type png)

<use images/demo/columnImage.png>
Package pdftex.def Info: images/demo/columnImage.png used on input line 41.
(pdftex.def)             Requested size: 199.16928pt x 112.03387pt.

<images/demo/instructionText.png, id=1568, 642.4pt x 361.35pt>
File: images/demo/instructionText.png Graphic file (type png)

<use images/demo/instructionText.png>
Package pdftex.def Info: images/demo/instructionText.png used on input line 43.

(pdftex.def)             Requested size: 199.16928pt x 112.03387pt.
File: images/demo/instructionImage.png Graphic file (type png)
 <use images/demo/instructionImage.png>
Package pdftex.def Info: images/demo/instructionImage.png used on input line 45
.
(pdftex.def)             Requested size: 199.16928pt x 112.03387pt.

[63] [64 <./images/demo/instructionText.png (PNG copy)>]
(./chap4/voiceCommand.tex
Underfull \vbox (badness 10000) has occurred while \output is active []

 [65]
[66] [67] (/usr/local/texlive/2014/texmf-dist/tex/latex/listings/lstlang1.sty
File: lstlang1.sty 2014/03/04 1.5c listings language file
)
(/usr/local/texlive/2014/texmf-dist/tex/latex/listings/lstmisc.sty
File: lstmisc.sty 2014/03/04 1.5c (Carsten Heinz)
)
(./voiceCommandCheckTableChecked.tex) [68]) (./chap4/TestCases.tex [69]
<images/testSetupGlass.jpg, id=1654, 4304.08pt x 2858.68pt>
File: images/testSetupGlass.jpg Graphic file (type jpg)

<use images/testSetupGlass.jpg>
Package pdftex.def Info: images/testSetupGlass.jpg used on input line 10.
(pdftex.def)             Requested size: 199.16928pt x 132.2555pt.

<images/testSetupS2.jpg, id=1655, 4304.08pt x 2858.68pt>
File: images/testSetupS2.jpg Graphic file (type jpg)

<use images/testSetupS2.jpg>
Package pdftex.def Info: images/testSetupS2.jpg used on input line 12.
(pdftex.def)             Requested size: 199.16928pt x 132.2555pt.
 [70 <./images/testSetupGlass.jpg> <./images/testSetupS2.jpg>] [71]
Underfull \vbox (badness 10000) has occurred while \output is active []

 [72]
[73]
Underfull \vbox (badness 10000) has occurred while \output is active []

 [74]
<images/qrCodeComplex/1.png, id=1745, 170.6375pt x 170.6375pt>
File: images/qrCodeComplex/1.png Graphic file (type png)

<use images/qrCodeComplex/1.png>
Package pdftex.def Info: images/qrCodeComplex/1.png used on input line 117.
(pdftex.def)             Requested size: 56.9055pt x 56.90419pt.

Underfull \hbox (badness 10000) in paragraph at lines 117--117
[]\OT1/cmr/m/n/10 (a) |1 en-
 []


Underfull \hbox (badness 10000) in paragraph at lines 117--117
\OT1/cmr/m/n/10 coded
 []

<images/qrCodeComplex/50.png, id=1746, 175.65625pt x 175.65625pt>
File: images/qrCodeComplex/50.png Graphic file (type png)

<use images/qrCodeComplex/50.png>
Package pdftex.def Info: images/qrCodeComplex/50.png used on input line 119.
(pdftex.def)             Requested size: 56.9055pt x 56.90533pt.

Underfull \hbox (badness 6741) in paragraph at lines 119--119
[]\OT1/cmr/m/n/10 (b) |50 en-
 []


Underfull \hbox (badness 5446) in paragraph at lines 119--119
\OT1/cmr/m/n/10 coded char-
 []

<images/qrCodeComplex/100.png, id=1747, 187.70125pt x 187.70125pt>
File: images/qrCodeComplex/100.png Graphic file (type png)

<use images/qrCodeComplex/100.png>
Package pdftex.def Info: images/qrCodeComplex/100.png used on input line 121.
(pdftex.def)             Requested size: 56.9055pt x 56.90367pt.

Underfull \hbox (badness 2443) in paragraph at lines 121--121
[]\OT1/cmr/m/n/10 (c) |100 en-
 []


Underfull \hbox (badness 5446) in paragraph at lines 121--121
\OT1/cmr/m/n/10 coded char-
 []

[75 <./images/qrCodeComplex/1.png> <./images/qrCodeComplex/50.png> <./images/qr
CodeComplex/100.png>]) (./chap4/Summary.tex [76]
Underfull \vbox (badness 2435) has occurred while \output is active []

 [77])
Underfull \vbox (badness 2435) has occurred while \output is active []

 [78])
[79] [80

] (./ResultEvaluation.tex (./chap5/DemoCase.tex
File: images/rawImages/BILD_6.pdf Graphic file (type pdf)

<use images/rawImages/BILD_6.pdf>
Package pdftex.def Info: images/rawImages/BILD_6.pdf used on input line 5.
(pdftex.def)             Requested size: 256.0748pt x 191.65161pt.

Underfull \vbox (badness 3009) has occurred while \output is active []

 [81]
<images/rawImages/BILD_1.pdf, id=1792, 543.15128pt x 332.67142pt>
File: images/rawImages/BILD_1.pdf Graphic file (type pdf)

<use images/rawImages/BILD_1.pdf>
Package pdftex.def Info: images/rawImages/BILD_1.pdf used on input line 12.
(pdftex.def)             Requested size: 142.26378pt x 87.13211pt.

<images/rawImages/BILD_2.pdf, id=1793, 337.26pt x 263.38399pt>
File: images/rawImages/BILD_2.pdf Graphic file (type pdf)

<use images/rawImages/BILD_2.pdf>
Package pdftex.def Info: images/rawImages/BILD_2.pdf used on input line 14.
(pdftex.def)             Requested size: 142.26378pt x 111.10278pt.

<images/rawImages/BILD_3.pdf, id=1794, 333.245pt x 199.94699pt>
File: images/rawImages/BILD_3.pdf Graphic file (type pdf)

<use images/rawImages/BILD_3.pdf>
Package pdftex.def Info: images/rawImages/BILD_3.pdf used on input line 16.
(pdftex.def)             Requested size: 142.26378pt x 85.35922pt.

<images/rawImages/BILD_4.pdf, id=1795, 311.564pt x 219.219pt>
File: images/rawImages/BILD_4.pdf Graphic file (type pdf)

<use images/rawImages/BILD_4.pdf>
Package pdftex.def Info: images/rawImages/BILD_4.pdf used on input line 18.
(pdftex.def)             Requested size: 142.26378pt x 100.09601pt.
 [82 <./images/rawImages/BILD_1.pdf> <./images/rawImages/BILD_2.pdf

pdfTeX warning: /usr/texbin/pdflatex (file ./images/rawImages/BILD_2.pdf): PDF 
inclusion: multiple pdfs with page group included in a single page
> <./images/rawImages/BILD_3.pdf

pdfTeX warning: /usr/texbin/pdflatex (file ./images/rawImages/BILD_3.pdf): PDF 
inclusion: multiple pdfs with page group included in a single page
> <./images/rawImages/BILD_4.pdf

pdfTeX warning: /usr/texbin/pdflatex (file ./images/rawImages/BILD_4.pdf): PDF 
inclusion: multiple pdfs with page group included in a single page
>]
File: images/demo/qrCodeNew.png Graphic file (type png)
 <use images/demo/qrCodeNew.png>
Package pdftex.def Info: images/demo/qrCodeNew.png used on input line 28.
(pdftex.def)             Requested size: 170.71652pt x 96.02747pt.
File: images/demo/loadingBar.png Graphic file (type png)
 <use images/demo/loadingBar.png>
Package pdftex.def Info: images/demo/loadingBar.png used on input line 30.
(pdftex.def)             Requested size: 170.71652pt x 96.02747pt.
File: images/demo/smartphone/qrCodeNew.png Graphic file (type png)

<use images/demo/smartphone/qrCodeNew.png>
Package pdftex.def Info: images/demo/smartphone/qrCodeNew.png used on input lin
e 32.
(pdftex.def)             Requested size: 170.71652pt x 284.52174pt.
File: images/demo/smartphone/loadingSpinner.png Graphic file (type png)

<use images/demo/smartphone/loadingSpinner.png>
Package pdftex.def Info: images/demo/smartphone/loadingSpinner.png used on inpu
t line 34.
(pdftex.def)             Requested size: 170.71652pt x 284.52174pt.

Underfull \vbox (badness 6032) has occurred while \output is active []

 [83]
<images/demoCase/1.png, id=1844, 642.4pt x 361.35pt>
File: images/demoCase/1.png Graphic file (type png)

<use images/demoCase/1.png>
Package pdftex.def Info: images/demoCase/1.png used on input line 44.
(pdftex.def)             Requested size: 170.71652pt x 96.02747pt.

<images/demoCase/1sp.png, id=1845, 481.8pt x 803.0pt>
File: images/demoCase/1sp.png Graphic file (type png)

<use images/demoCase/1sp.png>
Package pdftex.def Info: images/demoCase/1sp.png used on input line 46.
(pdftex.def)             Requested size: 170.71652pt x 284.52174pt.

<images/demoCase/glassVoiceCommand.png, id=1847, 642.4pt x 361.35pt>
File: images/demoCase/glassVoiceCommand.png Graphic file (type png)

<use images/demoCase/glassVoiceCommand.png>
Package pdftex.def Info: images/demoCase/glassVoiceCommand.png used on input li
ne 55.
(pdftex.def)             Requested size: 256.0748pt x 144.0467pt.
 [84 <./images/demoCase/1.png (PNG copy)> <./images/demoCase/1sp.png>]
<images/demoCase/2.png, id=1858, 642.4pt x 361.35pt>
File: images/demoCase/2.png Graphic file (type png)

<use images/demoCase/2.png>
Package pdftex.def Info: images/demoCase/2.png used on input line 65.
(pdftex.def)             Requested size: 170.71652pt x 96.02747pt.

<images/demoCase/2spP.png, id=1859, 481.8pt x 803.0pt>
File: images/demoCase/2spP.png Graphic file (type png)

<use images/demoCase/2spP.png>
Package pdftex.def Info: images/demoCase/2spP.png used on input line 67.
(pdftex.def)             Requested size: 170.71652pt x 284.52174pt.

<images/demoCase/2spL.png, id=1860, 803.0pt x 481.8pt>
File: images/demoCase/2spL.png Graphic file (type png)

<use images/demoCase/2spL.png>
Package pdftex.def Info: images/demoCase/2spL.png used on input line 69.
(pdftex.def)             Requested size: 170.71652pt x 102.43076pt.
File: images/rawImages/BILD_1.pdf Graphic file (type pdf)
 <use images/rawImages/BILD_1.pdf>
Package pdftex.def Info: images/rawImages/BILD_1.pdf used on input line 71.
(pdftex.def)             Requested size: 170.71652pt x 104.55853pt.

Underfull \vbox (badness 10000) has occurred while \output is active []

 [85 <./images/demoCase/glassVoiceCommand.png (PNG copy)>] [86 <./images/demoCa
se/2.png (PNG copy)> <./images/demoCase/2spP.png> <./images/demoCase/2spL.png>]

<images/demoCase/3.png, id=1877, 642.4pt x 361.35pt>
File: images/demoCase/3.png Graphic file (type png)

<use images/demoCase/3.png>
Package pdftex.def Info: images/demoCase/3.png used on input line 80.
(pdftex.def)             Requested size: 170.71652pt x 96.02747pt.

<images/demoCase/3sp2.png, id=1878, 803.0pt x 481.8pt>
File: images/demoCase/3sp2.png Graphic file (type png)

<use images/demoCase/3sp2.png>
Package pdftex.def Info: images/demoCase/3sp2.png used on input line 82.
(pdftex.def)             Requested size: 170.71652pt x 102.43076pt.
File: images/rawImages/BILD_2.pdf Graphic file (type pdf)
 <use images/rawImages/BILD_2.pdf>
Package pdftex.def Info: images/rawImages/BILD_2.pdf used on input line 84.
(pdftex.def)             Requested size: 170.71652pt x 133.32333pt.

<images/demoCase/4.png, id=1881, 642.4pt x 361.35pt>
File: images/demoCase/4.png Graphic file (type png)

<use images/demoCase/4.png>
Package pdftex.def Info: images/demoCase/4.png used on input line 93.
(pdftex.def)             Requested size: 170.71652pt x 96.02747pt.

<images/demoCase/4sp.png, id=1882, 803.0pt x 481.8pt>
File: images/demoCase/4sp.png Graphic file (type png)

<use images/demoCase/4sp.png>
Package pdftex.def Info: images/demoCase/4sp.png used on input line 95.
(pdftex.def)             Requested size: 170.71652pt x 102.43076pt.
File: images/rawImages/BILD_3.pdf Graphic file (type pdf)
 <use images/rawImages/BILD_3.pdf>
Package pdftex.def Info: images/rawImages/BILD_3.pdf used on input line 97.
(pdftex.def)             Requested size: 170.71652pt x 102.4323pt.

Underfull \vbox (badness 10000) has occurred while \output is active []

 [87 <./images/demoCase/3.png (PNG copy)> <./images/demoCase/3sp2.png>]
<images/demoCase/5.png, id=1894, 642.4pt x 361.35pt>
File: images/demoCase/5.png Graphic file (type png)

<use images/demoCase/5.png>
Package pdftex.def Info: images/demoCase/5.png used on input line 106.
(pdftex.def)             Requested size: 170.71652pt x 96.02747pt.

<images/demoCase/5sp.png, id=1895, 803.0pt x 481.8pt>
File: images/demoCase/5sp.png Graphic file (type png)

<use images/demoCase/5sp.png>
Package pdftex.def Info: images/demoCase/5sp.png used on input line 108.
(pdftex.def)             Requested size: 170.71652pt x 102.43076pt.
File: images/rawImages/BILD_4.pdf Graphic file (type pdf)
 <use images/rawImages/BILD_4.pdf>
Package pdftex.def Info: images/rawImages/BILD_4.pdf used on input line 110.
(pdftex.def)             Requested size: 170.71652pt x 120.11589pt.

Underfull \vbox (badness 10000) has occurred while \output is active []

 [88 <./images/demoCase/4.png (PNG copy)> <./images/demoCase/4sp.png>]
<images/demoCase/6.png, id=1906, 642.4pt x 361.35pt>
File: images/demoCase/6.png Graphic file (type png)

<use images/demoCase/6.png>
Package pdftex.def Info: images/demoCase/6.png used on input line 119.
(pdftex.def)             Requested size: 170.71652pt x 96.02747pt.

<images/demoCase/6sp.png, id=1907, 803.0pt x 481.8pt>
File: images/demoCase/6sp.png Graphic file (type png)

<use images/demoCase/6sp.png>
Package pdftex.def Info: images/demoCase/6sp.png used on input line 121.
(pdftex.def)             Requested size: 170.71652pt x 102.43076pt.

<images/rawImages/BILD_5.pdf, id=1908, 562.90298pt x 399.894pt>
File: images/rawImages/BILD_5.pdf Graphic file (type pdf)

<use images/rawImages/BILD_5.pdf>
Package pdftex.def Info: images/rawImages/BILD_5.pdf used on input line 123.
(pdftex.def)             Requested size: 170.71652pt x 121.28102pt.

Underfull \vbox (badness 10000) has occurred while \output is active []

 [89 <./images/demoCase/5.png (PNG copy)> <./images/demoCase/5sp.png>]
<images/demoCase/7.png, id=1919, 642.4pt x 361.35pt>
File: images/demoCase/7.png Graphic file (type png)

<use images/demoCase/7.png>
Package pdftex.def Info: images/demoCase/7.png used on input line 132.
(pdftex.def)             Requested size: 170.71652pt x 96.02747pt.

<images/demoCase/7sp.png, id=1920, 803.0pt x 481.8pt>
File: images/demoCase/7sp.png Graphic file (type png)

<use images/demoCase/7sp.png>
Package pdftex.def Info: images/demoCase/7sp.png used on input line 134.
(pdftex.def)             Requested size: 170.71652pt x 102.43076pt.

<images/rawImages/BILD_8.pdf, id=1921, 323.49428pt x 273.02pt>
File: images/rawImages/BILD_8.pdf Graphic file (type pdf)

<use images/rawImages/BILD_8.pdf>
Package pdftex.def Info: images/rawImages/BILD_8.pdf used on input line 136.
(pdftex.def)             Requested size: 170.71652pt x 144.08334pt.

Underfull \vbox (badness 10000) has occurred while \output is active []

 [90 <./images/demoCase/6.png (PNG copy)> <./images/demoCase/6sp.png> <./images
/rawImages/BILD_5.pdf>] <images/demoCase/8.png, id=1937, 642.4pt x 361.35pt>
File: images/demoCase/8.png Graphic file (type png)

<use images/demoCase/8.png>
Package pdftex.def Info: images/demoCase/8.png used on input line 145.
(pdftex.def)             Requested size: 170.71652pt x 96.02747pt.

<images/demoCase/8sp.png, id=1938, 803.0pt x 481.8pt>
File: images/demoCase/8sp.png Graphic file (type png)

<use images/demoCase/8sp.png>
Package pdftex.def Info: images/demoCase/8sp.png used on input line 147.
(pdftex.def)             Requested size: 170.71652pt x 102.43076pt.
File: images/rawImages/BILD_6.pdf Graphic file (type pdf)
 <use images/rawImages/BILD_6.pdf>
Package pdftex.def Info: images/rawImages/BILD_6.pdf used on input line 149.
(pdftex.def)             Requested size: 170.71652pt x 127.7617pt.

Underfull \vbox (badness 10000) has occurred while \output is active []

 [91 <./images/demoCase/7.png (PNG copy)> <./images/demoCase/7sp.png> <./images
/rawImages/BILD_8.pdf>]) [92 <./images/demoCase/8.png (PNG copy)> <./images/dem
oCase/8sp.png>] <images/textLengthTestImages/S2_Raw.png, id=1962, 481.8pt x 764
.8575pt>
File: images/textLengthTestImages/S2_Raw.png Graphic file (type png)

<use images/textLengthTestImages/S2_Raw.png>
Package pdftex.def Info: images/textLengthTestImages/S2_Raw.png used on input l
ine 19.
(pdftex.def)             Requested size: 142.26378pt x 225.84108pt.

Underfull \hbox (badness 1314) in paragraph at lines 19--19
[]\OT1/cmr/m/n/10 (a) |The Sam-sung Galaxy SII
 []

<images/textLengthTestImages/S3_Raw.png, id=1963, 722.7pt x 1240.635pt>
File: images/textLengthTestImages/S3_Raw.png Graphic file (type png)

<use images/textLengthTestImages/S3_Raw.png>
Package pdftex.def Info: images/textLengthTestImages/S3_Raw.png used on input l
ine 21.
(pdftex.def)             Requested size: 142.26378pt x 244.22292pt.

Underfull \vbox (badness 10000) has occurred while \output is active []

 [93 <./images/textLengthTestImages/S2_Raw.png> <./images/textLengthTestImages/
S3_Raw.png>] <images/textLengthTestImages/S2_Text_1.png, id=1974, 642.4pt x 361
.35pt>
File: images/textLengthTestImages/S2_Text_1.png Graphic file (type png)

<use images/textLengthTestImages/S2_Text_1.png>
Package pdftex.def Info: images/textLengthTestImages/S2_Text_1.png used on inpu
t line 33.
(pdftex.def)             Requested size: 170.71652pt x 96.02747pt.

<images/textLengthTestImages/S2_Text_2.png, id=1975, 642.4pt x 361.35pt>
File: images/textLengthTestImages/S2_Text_2.png Graphic file (type png)

<use images/textLengthTestImages/S2_Text_2.png>
Package pdftex.def Info: images/textLengthTestImages/S2_Text_2.png used on inpu
t line 35.
(pdftex.def)             Requested size: 170.71652pt x 96.02747pt.

<images/textLengthTestImages/S2_Text_3.png, id=1976, 642.4pt x 361.35pt>
File: images/textLengthTestImages/S2_Text_3.png Graphic file (type png)

<use images/textLengthTestImages/S2_Text_3.png>
Package pdftex.def Info: images/textLengthTestImages/S2_Text_3.png used on inpu
t line 37.
(pdftex.def)             Requested size: 170.71652pt x 96.02747pt.
 [94 <./images/textLengthTestImages/S2_Text_1.png> <./images/textLengthTestImag
es/S2_Text_2.png> <./images/textLengthTestImages/S2_Text_3.png>]
<images/textLengthTestImages/S3_Text_1.png, id=2001, 642.4pt x 361.35pt>
File: images/textLengthTestImages/S3_Text_1.png Graphic file (type png)

<use images/textLengthTestImages/S3_Text_1.png>
Package pdftex.def Info: images/textLengthTestImages/S3_Text_1.png used on inpu
t line 62.
(pdftex.def)             Requested size: 170.71652pt x 96.02747pt.

<images/textLengthTestImages/S3_Text_2.png, id=2002, 642.4pt x 361.35pt>
File: images/textLengthTestImages/S3_Text_2.png Graphic file (type png)

<use images/textLengthTestImages/S3_Text_2.png>
Package pdftex.def Info: images/textLengthTestImages/S3_Text_2.png used on inpu
t line 64.
(pdftex.def)             Requested size: 170.71652pt x 96.02747pt.

<images/textLengthTestImages/S3_Text_3.png, id=2003, 642.4pt x 361.35pt>
File: images/textLengthTestImages/S3_Text_3.png Graphic file (type png)

<use images/textLengthTestImages/S3_Text_3.png>
Package pdftex.def Info: images/textLengthTestImages/S3_Text_3.png used on inpu
t line 66.
(pdftex.def)             Requested size: 170.71652pt x 96.02747pt.

<images/textLengthTestImages/S3_Text_4.png, id=2004, 642.4pt x 361.35pt>
File: images/textLengthTestImages/S3_Text_4.png Graphic file (type png)

<use images/textLengthTestImages/S3_Text_4.png>
Package pdftex.def Info: images/textLengthTestImages/S3_Text_4.png used on inpu
t line 68.
(pdftex.def)             Requested size: 170.71652pt x 96.02747pt.
 [95 <./images/textLengthTestImages/S3_Text_1.png> <./images/textLengthTestImag
es/S3_Text_2.png> <./images/textLengthTestImages/S3_Text_3.png> <./images/textL
engthTestImages/S3_Text_4.png>]
<images/textLengthTestImages/S2_Columns_1.png, id=2031, 682.55pt x 394.47375pt>
File: images/textLengthTestImages/S2_Columns_1.png Graphic file (type png)
<use images/textLengthTestImages/S2_Columns_1.png>
Package pdftex.def Info: images/textLengthTestImages/S2_Columns_1.png used on i
nput line 94.
(pdftex.def)             Requested size: 170.71652pt x 98.66032pt.

<images/textLengthTestImages/S2_Columns_2.png, id=2032, 642.4pt x 361.35pt>
File: images/textLengthTestImages/S2_Columns_2.png Graphic file (type png)

<use images/textLengthTestImages/S2_Columns_2.png>
Package pdftex.def Info: images/textLengthTestImages/S2_Columns_2.png used on i
nput line 96.
(pdftex.def)             Requested size: 170.71652pt x 96.02747pt.

<images/textLengthTestImages/S2_Columns_3.png, id=2033, 642.4pt x 361.35pt>
File: images/textLengthTestImages/S2_Columns_3.png Graphic file (type png)

<use images/textLengthTestImages/S2_Columns_3.png>
Package pdftex.def Info: images/textLengthTestImages/S2_Columns_3.png used on i
nput line 98.
(pdftex.def)             Requested size: 170.71652pt x 96.02747pt.

Underfull \vbox (badness 10000) has occurred while \output is active []

 [96]
[97 <./images/textLengthTestImages/S2_Columns_1.png> <./images/textLengthTestIm
ages/S2_Columns_2.png> <./images/textLengthTestImages/S2_Columns_3.png>]
<images/textLengthTestImages/S3_Columns_1.png, id=2061, 642.4pt x 361.35pt>
File: images/textLengthTestImages/S3_Columns_1.png Graphic file (type png)

<use images/textLengthTestImages/S3_Columns_1.png>
Package pdftex.def Info: images/textLengthTestImages/S3_Columns_1.png used on i
nput line 121.
(pdftex.def)             Requested size: 170.71652pt x 96.02747pt.

<images/textLengthTestImages/S3_Columns_2.png, id=2062, 642.4pt x 361.35pt>
File: images/textLengthTestImages/S3_Columns_2.png Graphic file (type png)

<use images/textLengthTestImages/S3_Columns_2.png>
Package pdftex.def Info: images/textLengthTestImages/S3_Columns_2.png used on i
nput line 123.
(pdftex.def)             Requested size: 170.71652pt x 96.02747pt.
File: images/textLengthTestImages/S3_Columns_2.png Graphic file (type png)

<use images/textLengthTestImages/S3_Columns_2.png>
Package pdftex.def Info: images/textLengthTestImages/S3_Columns_2.png used on i
nput line 125.
(pdftex.def)             Requested size: 170.71652pt x 96.02747pt.

<images/textLengthTestImages/S3_Columns_4.png, id=2063, 642.4pt x 361.35pt>
File: images/textLengthTestImages/S3_Columns_4.png Graphic file (type png)

<use images/textLengthTestImages/S3_Columns_4.png>
Package pdftex.def Info: images/textLengthTestImages/S3_Columns_4.png used on i
nput line 127.
(pdftex.def)             Requested size: 170.71652pt x 96.02747pt.
 [98 <./images/textLengthTestImages/S3_Columns_1.png> <./images/textLengthTestI
mages/S3_Columns_2.png> <./images/textLengthTestImages/S3_Columns_4.png>]
Underfull \hbox (badness 10000) in paragraph at lines 162--162
[]|\OT1/cmr/bx/n/12 Distance
 []


Underfull \hbox (badness 10000) in paragraph at lines 162--162
[]|\OT1/cmr/bx/n/12 Google Glass
 []

[99]
Underfull \hbox (badness 10000) in paragraph at lines 180--180
[]|\OT1/cmr/bx/n/12 Google Glass
 []


Underfull \hbox (badness 10000) in paragraph at lines 198--198
[]|\OT1/cmr/bx/n/12 Google Glass
 []


Underfull \hbox (badness 10000) in paragraph at lines 198--198
[]|\OT1/cmr/bx/n/12 Samsung
 []


Underfull \hbox (badness 10000) in paragraph at lines 198--198
\OT1/cmr/bx/n/12 Galaxy SII
 []


Underfull \hbox (badness 10000) in paragraph at lines 198--198
[]|\OT1/cmr/bx/n/12 Samsung
 []


Underfull \hbox (badness 10000) in paragraph at lines 198--198
\OT1/cmr/bx/n/12 Galaxy SIII
 []

[100] (./chap5/Summary.tex [101])) [102] (./Conclusion.tex [103

]
(./chap6/PersonalExperience.tex [104]
Underfull \vbox (badness 1406) has occurred while \output is active []

 [105])
[106] (./chap6/FutureWork.tex
Underfull \vbox (badness 1596) has occurred while \output is active []

 [107]
[108]) [109]) [110] (./Dissertation_JohanHager_911229-0797.bbl
Underfull \hbox (badness 1629) in paragraph at lines 14--19
[]\OT1/cmr/m/n/12 United States Cen-sus Bu-reau (2010).  \OT1/cmr/m/it/12 Lan-g
uage Spo-ken At Home\OT1/cmr/m/n/12 .  []$\OT1/cmtt/m/n/12 http :
 []


Underfull \hbox (badness 10000) in paragraph at lines 14--19
\OT1/cmtt/m/n/12 / / factfinder . census . gov / faces / tableservices / jsf / 
pages / productview .
 []


Underfull \hbox (badness 1478) in paragraph at lines 45--49
[]\OT1/cmr/m/n/12 Olsson, Is-abelle (2012).  \OT1/cmr/m/it/12 Google Glass Fram
es\OT1/cmr/m/n/12 .  []$\OT1/cmtt/m/n/12 https : / / plus . google . com /
 []


Underfull \hbox (badness 10000) in paragraph at lines 62--68
\OT1/cmtt/m/n/12 eliseackerman / 2013 / 03 / 04 / could -[] google -[] glass -[
] hurt -[] your -[] eyes -[] a -[] harvard -[]
 []

[111

]
Underfull \hbox (badness 3058) in paragraph at lines 109--114
\OT1/cmtt/m/n/12 cnet . com / news / glassup -[] takes -[] on -[] google -[] gl
ass -[] and -[] google -[] legal/$[] \OT1/cmr/m/n/12 [2015-03-
 []


Underfull \hbox (badness 6658) in paragraph at lines 146--152
[]\OT1/cmr/m/n/12 Agomouh, Fionna (2014).  \OT1/cmr/m/it/12 Sam-sung Galaxy S5 
Hits 10 Mil-lion Sales
 []


Underfull \hbox (badness 4518) in paragraph at lines 146--152
\OT1/cmr/m/it/12 Mark: Smart-phone Beats Galaxy S4 Ini-tial Sales Record By Two
 Days\OT1/cmr/m/n/12 .
 []


Underfull \hbox (badness 10000) in paragraph at lines 146--152
[]$\OT1/cmtt/m/n/12 http : / / www . ibtimes . com / samsung -[] galaxy -[] s5 
-[] hits -[] 10 -[] million -[] sales -[] mark -[]
 []

[112]
Underfull \hbox (badness 2269) in paragraph at lines 187--192
[]\OT1/cmr/m/n/12 Stack Over-flow (2014).  \OT1/cmr/m/it/12 con-tent near "ok g
lass" gets grayed out\OT1/cmr/m/n/12 .  []$\OT1/cmtt/m/n/12 http :
 []


Underfull \hbox (badness 10000) in paragraph at lines 187--192
\OT1/cmtt/m/n/12 / / stackoverflow . com / questions / 25533765 / content -[] n
ear -[] ok -[] glass -[] gets -[]
 []


Underfull \hbox (badness 1072) in paragraph at lines 209--214
[]\OT1/cmr/m/n/12 Apple (2015).  \OT1/cmr/m/it/12 De-sign-ing for iOS\OT1/cmr/m
/n/12 .  []$\OT1/cmtt/m/n/12 https : / / developer . apple . com / library /
 []


Underfull \hbox (badness 4120) in paragraph at lines 209--214
\OT1/cmtt/m/n/12 ios / documentation / UserExperience / Conceptual / MobileHIG 
/ index . html$[] \OT1/cmr/m/n/12 [2015-
 []

[113]
Underfull \hbox (badness 1127) in paragraph at lines 324--328
[]\OT1/cmr/m/n/12 Google (2015).  \OT1/cmr/m/it/12 Prin-ci-ples\OT1/cmr/m/n/12 
.  []$\OT1/cmtt/m/n/12 https : / / developers . google . com / glass / design /

 []


Underfull \hbox (badness 1275) in paragraph at lines 330--335
[]\OT1/cmr/m/n/12 Google (2015).  \OT1/cmr/m/it/12 Pro-gress-Di-a-log\OT1/cmr/m
/n/12 .  []$\OT1/cmtt/m/n/12 http : / / developer . android . com / reference /

 []


Underfull \hbox (badness 1917) in paragraph at lines 353--357
[]\OT1/cmr/m/n/12 Google (2015).  \OT1/cmr/m/it/12 Tech spechs\OT1/cmr/m/n/12 .
  []$\OT1/cmtt/m/n/12 https : / / support . google . com / glass / answer /
 []


Underfull \hbox (badness 1132) in paragraph at lines 359--363
[]\OT1/cmr/m/n/12 Google (2015).  \OT1/cmr/m/it/12 Ty-pog-ra-phy\OT1/cmr/m/n/12
 .  []$\OT1/cmtt/m/n/12 http : / / developer . android . com / design / style /

 []

[114]
Underfull \hbox (badness 10000) in paragraph at lines 383--388
\OT1/cmtt/m/n/12 develop / gdk / reference / com / google / android / glass / a
pp / VoiceTriggers .
 []


Underfull \hbox (badness 10000) in paragraph at lines 413--418
[]\OT1/cmr/m/n/12 Microsoft (2015).  \OT1/cmr/m/it/12 Mi-crosoft Hololens Con-c
ept Video \OT1/cmr/m/n/12 [On-line video].
 []


Underfull \hbox (badness 10000) in paragraph at lines 413--418
[]$\OT1/cmtt/m/n/12 http : / / compass . surface . com / assets / b2 / 15 / b21
5c2a2 -[] 1c5b -[] 4707 -[] 9a92 -[]
 []


Underfull \hbox (badness 10000) in paragraph at lines 413--418
\OT1/cmtt/m/n/12 fffca6fb82fe . mp4 ? n = Microsoft _ HoloLens _ TransformYourW
orld _ 816p23 . mp4$[]
 []


Underfull \hbox (badness 1028) in paragraph at lines 431--434
[]\OT1/cmr/m/n/12 Penny (2015).  \OT1/cmr/m/it/12 PDS Pro-ject-ing Dis-play Sys
-tem\OT1/cmr/m/n/12 .  []$\OT1/cmtt/m/n/12 http : / / www . penny . se / eng /
 []


Underfull \hbox (badness 1102) in paragraph at lines 446--449
[]\OT1/cmr/m/n/12 Recon In-stru-ments (2015).  \OT1/cmr/m/it/12 Re-con Jet\OT1/
cmr/m/n/12 .  []$\OT1/cmtt/m/n/12 http : / / www . reconinstruments . com /
 []

[115]
Underfull \hbox (badness 1152) in paragraph at lines 464--467
[]\OT1/cmr/m/n/12 Wikipedia (2015).  \OT1/cmr/m/it/12 Bone con-duc-tion\OT1/cmr
/m/n/12 .  []$\OT1/cmtt/m/n/12 http : / / en . wikipedia . org / wiki / Bone _
 []

[116]) [117] [118

] (./abbreviations.tex) [119] [120

]
(./tables/DistanceTable.tex) (./tables/ComplexityTable.tex
Underfull \hbox (badness 2828) in paragraph at lines 37--37
[]|\OT1/cmr/bx/n/12 50 En-coded Char-ac-
 []


Underfull \hbox (badness 2828) in paragraph at lines 76--76
[]|\OT1/cmr/bx/n/12 50 En-coded Char-ac-
 []


Underfull \hbox (badness 2828) in paragraph at lines 115--115
[]|\OT1/cmr/bx/n/12 50 En-coded Char-ac-
 []

) (./tables/displayTable.tex) [121] [122] [123] [124] [125] [126] [127]
[128] [129] [130

] (./Code.tex) [131] [132

]
<Google_Glass.pdf, id=2407, 597.55246pt x 845.07718pt>
File: Google_Glass.pdf Graphic file (type pdf)
 <use Google_Glass.pdf>
Package pdftex.def Info: Google_Glass.pdf used on input line 261.
(pdftex.def)             Requested size: 597.551pt x 845.07512pt.
File: Google_Glass.pdf Graphic file (type pdf)

<use Google_Glass.pdf>
Package pdftex.def Info: Google_Glass.pdf used on input line 261.
(pdftex.def)             Requested size: 597.551pt x 845.07512pt.
 [133]
<Google_Glass.pdf, id=2415, page=1, 597.55246pt x 845.07718pt>
File: Google_Glass.pdf Graphic file (type pdf)

<use Google_Glass.pdf, page 1>
Package pdftex.def Info: Google_Glass.pdf, page1 used on input line 261.
(pdftex.def)             Requested size: 597.551pt x 845.07512pt.
File: Google_Glass.pdf Graphic file (type pdf)
 <use Google_Glass.pdf, page 1>
Package pdftex.def Info: Google_Glass.pdf, page1 used on input line 261.
(pdftex.def)             Requested size: 597.57834pt x 845.1138pt.
File: Google_Glass.pdf Graphic file (type pdf)

<use Google_Glass.pdf, page 1>
Package pdftex.def Info: Google_Glass.pdf, page1 used on input line 261.
(pdftex.def)             Requested size: 597.57834pt x 845.1138pt.
File: Google_Glass.pdf Graphic file (type pdf)
 <use Google_Glass.pdf, page 1>
Package pdftex.def Info: Google_Glass.pdf, page1 used on input line 261.
(pdftex.def)             Requested size: 597.57834pt x 845.1138pt.
File: Google_Glass.pdf Graphic file (type pdf)

<use Google_Glass.pdf, page 1>
Package pdftex.def Info: Google_Glass.pdf, page1 used on input line 261.
(pdftex.def)             Requested size: 597.57834pt x 845.1138pt.
 [134 <./Google_Glass.pdf>]
<Google_Glass.pdf, id=2452, page=2, 597.55246pt x 845.19763pt>
File: Google_Glass.pdf Graphic file (type pdf)

<use Google_Glass.pdf, page 2>
Package pdftex.def Info: Google_Glass.pdf, page2 used on input line 261.
(pdftex.def)             Requested size: 597.57834pt x 845.23425pt.
File: Google_Glass.pdf Graphic file (type pdf)
 <use Google_Glass.pdf, page 2>
Package pdftex.def Info: Google_Glass.pdf, page2 used on input line 261.
(pdftex.def)             Requested size: 597.57834pt x 845.23425pt.
File: Google_Glass.pdf Graphic file (type pdf)

<use Google_Glass.pdf, page 2>
Package pdftex.def Info: Google_Glass.pdf, page2 used on input line 261.
(pdftex.def)             Requested size: 597.57834pt x 845.23425pt.
 [135 <./Google_Glass.pdf>]
<Google_Glass.pdf, id=2470, page=3, 597.55246pt x 845.19763pt>
File: Google_Glass.pdf Graphic file (type pdf)

<use Google_Glass.pdf, page 3>
Package pdftex.def Info: Google_Glass.pdf, page3 used on input line 261.
(pdftex.def)             Requested size: 597.57834pt x 845.23425pt.
File: Google_Glass.pdf Graphic file (type pdf)
 <use Google_Glass.pdf, page 3>
Package pdftex.def Info: Google_Glass.pdf, page3 used on input line 261.
(pdftex.def)             Requested size: 597.57834pt x 845.23425pt.
File: Google_Glass.pdf Graphic file (type pdf)

<use Google_Glass.pdf, page 3>
Package pdftex.def Info: Google_Glass.pdf, page3 used on input line 261.
(pdftex.def)             Requested size: 597.57834pt x 845.23425pt.
 [136 <./Google_Glass.pdf>]
<Google_Glass.pdf, id=2484, page=4, 597.55246pt x 845.19763pt>
File: Google_Glass.pdf Graphic file (type pdf)

<use Google_Glass.pdf, page 4>
Package pdftex.def Info: Google_Glass.pdf, page4 used on input line 261.
(pdftex.def)             Requested size: 597.57834pt x 845.23425pt.
File: Google_Glass.pdf Graphic file (type pdf)
 <use Google_Glass.pdf, page 4>
Package pdftex.def Info: Google_Glass.pdf, page4 used on input line 261.
(pdftex.def)             Requested size: 597.57834pt x 845.23425pt.
File: Google_Glass.pdf Graphic file (type pdf)

<use Google_Glass.pdf, page 4>
Package pdftex.def Info: Google_Glass.pdf, page4 used on input line 261.
(pdftex.def)             Requested size: 597.57834pt x 845.23425pt.
 [137 <./Google_Glass.pdf>]
<Google_Glass.pdf, id=2499, page=5, 597.55246pt x 845.19763pt>
File: Google_Glass.pdf Graphic file (type pdf)

<use Google_Glass.pdf, page 5>
Package pdftex.def Info: Google_Glass.pdf, page5 used on input line 261.
(pdftex.def)             Requested size: 597.57834pt x 845.23425pt.
File: Google_Glass.pdf Graphic file (type pdf)
 <use Google_Glass.pdf, page 5>
Package pdftex.def Info: Google_Glass.pdf, page5 used on input line 261.
(pdftex.def)             Requested size: 597.57834pt x 845.23425pt.
File: Google_Glass.pdf Graphic file (type pdf)

<use Google_Glass.pdf, page 5>
Package pdftex.def Info: Google_Glass.pdf, page5 used on input line 261.
(pdftex.def)             Requested size: 597.57834pt x 845.23425pt.
 [138 <./Google_Glass.pdf>]
<Google_Glass.pdf, id=2505, page=6, 597.55246pt x 845.19763pt>
File: Google_Glass.pdf Graphic file (type pdf)

<use Google_Glass.pdf, page 6>
Package pdftex.def Info: Google_Glass.pdf, page6 used on input line 261.
(pdftex.def)             Requested size: 597.57834pt x 845.23425pt.
File: Google_Glass.pdf Graphic file (type pdf)
 <use Google_Glass.pdf, page 6>
Package pdftex.def Info: Google_Glass.pdf, page6 used on input line 261.
(pdftex.def)             Requested size: 597.57834pt x 845.23425pt.
File: Google_Glass.pdf Graphic file (type pdf)

<use Google_Glass.pdf, page 6>
Package pdftex.def Info: Google_Glass.pdf, page6 used on input line 261.
(pdftex.def)             Requested size: 597.57834pt x 845.23425pt.
 [139 <./Google_Glass.pdf>]
Package atveryend Info: Empty hook `BeforeClearDocument' on input line 263.
Package atveryend Info: Empty hook `AfterLastShipout' on input line 263.

(./Dissertation_JohanHager_911229-0797.aux)
Package atveryend Info: Executing hook `AtVeryEndDocument' on input line 263.
Package atveryend Info: Executing hook `AtEndAfterFileList' on input line 263.
Package rerunfilecheck Info: File `Dissertation_JohanHager_911229-0797.out' has
 not changed.
(rerunfilecheck)             Checksum: 2016D95AB93902D2E48C4E05752EB5F9;4793.


LaTeX Warning: There were multiply-defined labels.

Package atveryend Info: Empty hook `AtVeryVeryEnd' on input line 263.
 ) 
Here is how much of TeX's memory you used:
 11129 strings out of 493117
 177818 string characters out of 6135432
 399596 words of memory out of 5000000
 13666 multiletter control sequences out of 15000+600000
 10612 words of font info for 39 fonts, out of 8000000 for 9000
 1141 hyphenation exceptions out of 8191
 44i,18n,51p,1972b,1131s stack positions out of 5000i,500n,10000p,200000b,80000s
</usr/local/texlive/2014/texmf-dist/fonts/type1/public/amsfonts/cm/cmbx12.pfb
></usr/local/texlive/2014/texmf-dist/fonts/type1/public/amsfonts/cm/cmmi12.pfb>
</usr/local/texlive/2014/texmf-dist/fonts/type1/public/amsfonts/cm/cmr10.pfb></
usr/local/texlive/2014/texmf-dist/fonts/type1/public/amsfonts/cm/cmr12.pfb></us
r/local/texlive/2014/texmf-dist/fonts/type1/public/amsfonts/cm/cmr7.pfb></usr/l
ocal/texlive/2014/texmf-dist/fonts/type1/public/amsfonts/cm/cmr8.pfb></usr/loca
l/texlive/2014/texmf-dist/fonts/type1/public/amsfonts/cm/cmsy10.pfb></usr/local
/texlive/2014/texmf-dist/fonts/type1/public/amsfonts/cm/cmsy8.pfb></usr/local/t
exlive/2014/texmf-dist/fonts/type1/public/amsfonts/cm/cmti12.pfb></usr/local/te
xlive/2014/texmf-dist/fonts/type1/public/amsfonts/cm/cmtt10.pfb></usr/local/tex
live/2014/texmf-dist/fonts/type1/public/amsfonts/cm/cmtt12.pfb>
Output written on Dissertation_JohanHager_911229-0797.pdf (163 pages, 22286474 
bytes).
PDF statistics:
 2678 PDF objects out of 2984 (max. 8388607)
 2212 compressed objects within 23 object streams
 588 named destinations out of 1000 (max. 500000)
 1104 words of extra memory for PDF output out of 10000 (max. 10000000)

