\BOOKMARK [1][-]{section.1}{Introduction}{}% 1
\BOOKMARK [1][-]{section.2}{Background}{}% 2
\BOOKMARK [2][-]{subsection.2.1}{What is Google Glass?}{section.2}% 3
\BOOKMARK [3][-]{subsubsection.2.1.1}{Head Mounted Display \(HMD\)}{subsection.2.1}% 4
\BOOKMARK [3][-]{subsubsection.2.1.2}{Heads-Up Display \(HUD\)}{subsection.2.1}% 5
\BOOKMARK [3][-]{subsubsection.2.1.3}{Virtual Reality}{subsection.2.1}% 6
\BOOKMARK [3][-]{subsubsection.2.1.4}{Augmented Reality}{subsection.2.1}% 7
\BOOKMARK [2][-]{subsection.2.2}{Similar Products}{section.2}% 8
\BOOKMARK [2][-]{subsection.2.3}{User Interface}{section.2}% 9
\BOOKMARK [2][-]{subsection.2.4}{Compared to Smartphones}{section.2}% 10
\BOOKMARK [2][-]{subsection.2.5}{Limitations with Google Glass}{section.2}% 11
\BOOKMARK [2][-]{subsection.2.6}{Information}{section.2}% 12
\BOOKMARK [3][-]{subsubsection.2.6.1}{Text}{subsection.2.6}% 13
\BOOKMARK [3][-]{subsubsection.2.6.2}{Images}{subsection.2.6}% 14
\BOOKMARK [3][-]{subsubsection.2.6.3}{Video}{subsection.2.6}% 15
\BOOKMARK [3][-]{subsubsection.2.6.4}{Audio}{subsection.2.6}% 16
\BOOKMARK [2][-]{subsection.2.7}{Summary}{section.2}% 17
\BOOKMARK [1][-]{section.3}{Design}{}% 18
\BOOKMARK [2][-]{subsection.3.1}{Presenting Information on Google Glass}{section.3}% 19
\BOOKMARK [2][-]{subsection.3.2}{Summary}{section.3}% 20
\BOOKMARK [1][-]{section.4}{Implementation}{}% 21
\BOOKMARK [2][-]{subsection.4.1}{Summary}{section.4}% 22
\BOOKMARK [1][-]{section.5}{Result / Evaluation}{}% 23
\BOOKMARK [1][-]{section.6}{Conclusion}{}% 24
\BOOKMARK [1][-]{section.7}{Future Work}{}% 25
\BOOKMARK [1][-]{section.8}{Abbrevations}{}% 26
\BOOKMARK [1][-]{section*.10}{References}{}% 27
